[0m10:02:08.298830 [debug] [MainThread]: Sending event: {'category': 'dbt', 'action': 'invocation', 'label': 'start', 'context': [<snowplow_tracker.self_describing_json.SelfDescribingJson object at 0x000002725B5CC810>, <snowplow_tracker.self_describing_json.SelfDescribingJson object at 0x000002725C602C50>, <snowplow_tracker.self_describing_json.SelfDescribingJson object at 0x000002725C5D4F90>]}


============================== 10:02:08.308151 | f40c6a44-d55a-402c-a44c-f67e538fb045 ==============================
[0m10:02:08.308151 [info ] [MainThread]: Running with dbt=1.11.11
[0m10:02:08.308151 [debug] [MainThread]: running dbt with arguments {'version_check': 'True', 'no_print': 'None', 'static_parser': 'True', 'target_path': 'None', 'warn_error_options': 'WarnErrorOptionsV2(error=[], warn=[], silence=[])', 'printer_width': '80', 'write_json': 'True', 'empty': 'None', 'log_cache_events': 'False', 'introspect': 'True', 'cache_selected_only': 'False', 'fail_fast': 'False', 'debug': 'False', 'log_format': 'default', 'profiles_dir': 'C:\\Users\\Chanuka\\.dbt', 'send_anonymous_usage_stats': 'True', 'quiet': 'False', 'warn_error': 'None', 'partial_parse': 'True', 'use_colors': 'True', 'invocation_command': 'dbt init taxi_pipeline', 'indirect_selection': 'eager', 'use_experimental_parser': 'False', 'log_path': 'logs'}
[0m10:02:08.339564 [info ] [MainThread]: Creating dbt configuration folder at C:\Users\Chanuka\.dbt
[0m10:02:08.343059 [debug] [MainThread]: Starter project path: C:\Users\Chanuka\nyc-taxi-elt-pipeline\venv\Lib\site-packages\dbt\include\starter_project
[0m10:02:08.450559 [info ] [MainThread]: 
Your new dbt project "taxi_pipeline" was created!

For more information on how to configure the profiles.yml file,
please consult the dbt documentation here:

  https://docs.getdbt.com/docs/configure-your-profile

One more thing:

Need help? Don't hesitate to reach out to us via GitHub issues or on Slack:

  https://community.getdbt.com/

Happy modeling!

[0m10:02:08.450559 [info ] [MainThread]: Setting up your profile.
[0m10:02:26.600723 [debug] [MainThread]: Snowflake adapter: Setting snowflake.connector to ERROR (file logging only)
[0m10:02:26.600723 [debug] [MainThread]: Snowflake adapter: Setting botocore to ERROR (file logging only)
[0m10:02:26.616821 [debug] [MainThread]: Snowflake adapter: Setting boto3 to ERROR (file logging only)
[0m10:04:12.908063 [error] [MainThread]: Encountered an error:

[0m10:04:12.908063 [error] [MainThread]: Traceback (most recent call last):
  File "C:\Users\Chanuka\nyc-taxi-elt-pipeline\venv\Lib\site-packages\dbt\cli\requires.py", line 182, in wrapper
    result, success = func(*args, **kwargs)
                      ^^^^^^^^^^^^^^^^^^^^^
  File "C:\Users\Chanuka\nyc-taxi-elt-pipeline\venv\Lib\site-packages\dbt\cli\requires.py", line 128, in wrapper
    return func(*args, **kwargs)
           ^^^^^^^^^^^^^^^^^^^^^
  File "C:\Users\Chanuka\nyc-taxi-elt-pipeline\venv\Lib\site-packages\dbt\cli\main.py", line 488, in init
    results = task.run()
              ^^^^^^^^^^
  File "C:\Users\Chanuka\nyc-taxi-elt-pipeline\venv\Lib\site-packages\dbt\task\init.py", line 346, in run
    self.setup_profile(profile_name)
  File "C:\Users\Chanuka\nyc-taxi-elt-pipeline\venv\Lib\site-packages\dbt\task\init.py", line 262, in setup_profile
    self.create_profile_from_target(adapter, profile_name=profile_name)
  File "C:\Users\Chanuka\nyc-taxi-elt-pipeline\venv\Lib\site-packages\dbt\task\init.py", line 179, in create_profile_from_target
    self.create_profile_from_profile_template(profile_template, profile_name)
  File "C:\Users\Chanuka\nyc-taxi-elt-pipeline\venv\Lib\site-packages\dbt\task\init.py", line 163, in create_profile_from_profile_template
    target = self.generate_target_from_input(prompts, initial_target)
             ^^^^^^^^^^^^^^^^^^^^^^^^^^^^^^^^^^^^^^^^^^^^^^^^^^^^^^^^
  File "C:\Users\Chanuka\nyc-taxi-elt-pipeline\venv\Lib\site-packages\dbt\task\init.py", line 116, in generate_target_from_input
    target = self.generate_target_from_input(
             ^^^^^^^^^^^^^^^^^^^^^^^^^^^^^^^^
  File "C:\Users\Chanuka\nyc-taxi-elt-pipeline\venv\Lib\site-packages\dbt\task\init.py", line 129, in generate_target_from_input
    target[key] = click.prompt(
                  ^^^^^^^^^^^^^
  File "C:\Users\Chanuka\nyc-taxi-elt-pipeline\venv\Lib\site-packages\click\termui.py", line 218, in prompt
    value = prompt_func(prompt)
            ^^^^^^^^^^^^^^^^^^^
  File "C:\Users\Chanuka\nyc-taxi-elt-pipeline\venv\Lib\site-packages\click\termui.py", line 201, in prompt_func
    raise Abort() from None
click.exceptions.Abort

[0m10:04:12.915475 [debug] [MainThread]: Command `dbt init` failed at 10:04:12.915475 after 124.70 seconds
[0m10:04:12.915475 [debug] [MainThread]: Sending event: {'category': 'dbt', 'action': 'invocation', 'label': 'end', 'context': [<snowplow_tracker.self_describing_json.SelfDescribingJson object at 0x000002725B374A10>, <snowplow_tracker.self_describing_json.SelfDescribingJson object at 0x000002725C623E90>, <snowplow_tracker.self_describing_json.SelfDescribingJson object at 0x000002727DCC6950>]}
[0m10:04:12.915475 [debug] [MainThread]: Flushing usage events
